Arguments: 
  /Users/bigyan.poudel/.nvm/versions/node/v14.20.0/bin/node /Users/bigyan.poudel/.nvm/versions/node/v14.20.0/bin/yarn add chart.js primeflex primeicon primevue vue

PATH: 
  /Users/bigyan.poudel/.nvm/versions/node/v14.20.0/bin:/Users/bigyan.poudel/.rbenv/shims:/opt/homebrew/bin:/opt/homebrew/sbin:/usr/local/bin:/usr/bin:/bin:/usr/sbin:/sbin:/usr/local/go/bin:/Library/Apple/usr/bin:/Users/bigyan.poudel/.nvm/versions/node/v14.20.0/bin:/Users/bigyan.poudel/.rbenv/shims:/opt/homebrew/bin:/opt/homebrew/sbin:/Users/bigyan.poudel/Library/Android/sdk/emulator:/Users/bigyan.poudel/Library/Android/sdk/platform-tools:/Users/bigyan.poudel/Library/Android/sdk/tools:/Users/bigyan.poudel/Library/Android/sdk/tools/bin:/Users/bigyan.poudel/Library/Android/sdk/emulator:/Users/bigyan.poudel/Library/Android/sdk/platform-tools:/Users/bigyan.poudel/Library/Android/sdk/tools:/Users/bigyan.poudel/Library/Android/sdk/tools/bin

Yarn version: 
  1.22.19

Node version: 
  14.20.0

Platform: 
  darwin x64

Trace: 
  Error: https://registry.yarnpkg.com/primeicon: Not found
      at Request.params.callback [as _callback] (/Users/bigyan.poudel/.nvm/versions/node/v14.20.0/lib/node_modules/yarn/lib/cli.js:66145:18)
      at Request.self.callback (/Users/bigyan.poudel/.nvm/versions/node/v14.20.0/lib/node_modules/yarn/lib/cli.js:140890:22)
      at Request.emit (events.js:400:28)
      at Request.<anonymous> (/Users/bigyan.poudel/.nvm/versions/node/v14.20.0/lib/node_modules/yarn/lib/cli.js:141862:10)
      at Request.emit (events.js:400:28)
      at IncomingMessage.<anonymous> (/Users/bigyan.poudel/.nvm/versions/node/v14.20.0/lib/node_modules/yarn/lib/cli.js:141784:12)
      at Object.onceWrapper (events.js:519:28)
      at IncomingMessage.emit (events.js:412:35)
      at endReadableNT (internal/streams/readable.js:1333:12)
      at processTicksAndRejections (internal/process/task_queues.js:82:21)

npm manifest: 
  {
    "name": "dashboard",
    "version": "1.0.0",
    "main": "index.js",
    "license": "MIT"
  }

yarn manifest: 
  No manifest

Lockfile: 
  No lockfile
